This is pdfTeX, Version 3.1415926-2.3-1.40.12 (MiKTeX 2.9) (preloaded format=pdflatex 2015.5.5)  10 MAY 2015 22:33
entering extended mode
**report-ysl.tex
(C:\Users\Administrator\Desktop\å‘¨æŠ¥\Report\report-ysl.tex
LaTeX2e <2011/06/27>
Babel <v3.8m> and hyphenation patterns for loaded.
(D:\CTEX\MiKTeX\tex\latex\beamer\base\beamer.cls
(D:\CTEX\MiKTeX\tex\latex\beamer\base\beamerbasercs.sty
Package: beamerbasercs 2012/02/22 (rcs-revision 46e1bc9c9b76)
)
Document Class: beamer 2011/09/12 development version 3.14 A class for typesett
ing presentations (rcs-revision 70f9d8411e54)
(D:\CTEX\MiKTeX\tex\latex\beamer\base\beamerbasemodes.sty
Package: beamerbasemodes 2010/05/01 (rcs-revision efa082c6111d)
\beamer@tempbox=\box26
\beamer@tempcount=\count79
\c@beamerpauses=\count80

(D:\CTEX\MiKTeX\tex\latex\beamer\base\beamerbasedecode.sty
Package: beamerbasedecode 2010/05/01 (rcs-revision efa082c6111d)
\beamer@slideinframe=\count81
\beamer@minimum=\count82
)
\beamer@commentbox=\box27
\beamer@modecount=\count83
)
(D:\CTEX\MiKTeX\tex\generic\oberdiek\ifpdf.sty
Package: ifpdf 2011/01/30 v2.3 Provides the ifpdf switch (HO)
Package ifpdf Info: pdfTeX in PDF mode is detected.
)
\headheight=\dimen102
\headdp=\dimen103
\footheight=\dimen104
\sidebarheight=\dimen105
\beamer@tempdim=\dimen106
\beamer@finalheight=\dimen107
\beamer@animht=\dimen108
\beamer@animdp=\dimen109
\beamer@animwd=\dimen110
\beamer@leftmargin=\dimen111
\beamer@rightmargin=\dimen112
\beamer@leftsidebar=\dimen113
\beamer@rightsidebar=\dimen114
\beamer@boxsize=\dimen115
\beamer@vboxoffset=\dimen116
\beamer@descdefault=\dimen117
\beamer@descriptionwidth=\dimen118
\beamer@lastskip=\skip41
\beamer@areabox=\box28
\beamer@animcurrent=\box29
\beamer@animshowbox=\box30
\beamer@sectionbox=\box31
\beamer@logobox=\box32
\beamer@linebox=\box33
\beamer@sectioncount=\count84
\beamer@subsubsectionmax=\count85
\beamer@subsectionmax=\count86
\beamer@sectionmax=\count87
\beamer@totalheads=\count88
\beamer@headcounter=\count89
\beamer@partstartpage=\count90
\beamer@sectionstartpage=\count91
\beamer@subsectionstartpage=\count92
\beamer@animationtempa=\count93
\beamer@animationtempb=\count94
\beamer@xpos=\count95
\beamer@ypos=\count96
\beamer@showpartnumber=\count97
\beamer@currentsubsection=\count98
\beamer@coveringdepth=\count99
\beamer@sectionadjust=\count100
\beamer@tocsectionnumber=\count101

(D:\CTEX\MiKTeX\tex\latex\beamer\base\beamerbaseoptions.sty
Package: beamerbaseoptions 2010/04/27 (rcs-revision 982469101dd6)

(D:\CTEX\MiKTeX\tex\latex\graphics\keyval.sty
Package: keyval 1999/03/16 v1.13 key=value parser (DPC)
\KV@toks@=\toks14
))
\beamer@paperwidth=\skip42
\beamer@paperheight=\skip43

(D:\CTEX\MiKTeX\tex\latex\geometry\geometry.sty
Package: geometry 2010/09/12 v5.6 Page Geometry

(D:\CTEX\MiKTeX\tex\generic\oberdiek\ifvtex.sty
Package: ifvtex 2010/03/01 v1.5 Switches for detecting VTeX and its modes (HO)
Package ifvtex Info: VTeX not detected.
)
(D:\CTEX\MiKTeX\tex\generic\ifxetex\ifxetex.sty
Package: ifxetex 2010/09/12 v0.6 Provides ifxetex conditional
)
\Gm@cnth=\count102
\Gm@cntv=\count103
\c@Gm@tempcnt=\count104
\Gm@bindingoffset=\dimen119
\Gm@wd@mp=\dimen120
\Gm@odd@mp=\dimen121
\Gm@even@mp=\dimen122
\Gm@layoutwidth=\dimen123
\Gm@layoutheight=\dimen124
\Gm@layouthoffset=\dimen125
\Gm@layoutvoffset=\dimen126
\Gm@dimlist=\toks15

(D:\CTEX\MiKTeX\tex\latex\geometry\geometry.cfg))
(D:\CTEX\MiKTeX\tex\latex\base\size11.clo
File: size11.clo 2007/10/19 v1.4h Standard LaTeX file (size option)
)
(D:\CTEX\MiKTeX\tex\latex\pgf\basiclayer\pgfcore.sty
(D:\CTEX\MiKTeX\tex\latex\graphics\graphicx.sty
Package: graphicx 1999/02/16 v1.0f Enhanced LaTeX Graphics (DPC,SPQR)

(D:\CTEX\MiKTeX\tex\latex\graphics\graphics.sty
Package: graphics 2009/02/05 v1.0o Standard LaTeX Graphics (DPC,SPQR)

(D:\CTEX\MiKTeX\tex\latex\graphics\trig.sty
Package: trig 1999/03/16 v1.09 sin cos tan (DPC)
)
(D:\CTEX\MiKTeX\tex\latex\00miktex\graphics.cfg
File: graphics.cfg 2007/01/18 v1.5 graphics configuration of teTeX/TeXLive
)
Package graphics Info: Driver file: pdftex.def on input line 91.

(D:\CTEX\MiKTeX\tex\latex\pdftex-def\pdftex.def
File: pdftex.def 2011/05/27 v0.06d Graphics/color for pdfTeX

(D:\CTEX\MiKTeX\tex\generic\oberdiek\infwarerr.sty
Package: infwarerr 2010/04/08 v1.3 Providing info/warning/message (HO)
)
(D:\CTEX\MiKTeX\tex\generic\oberdiek\ltxcmds.sty
Package: ltxcmds 2011/04/18 v1.20 LaTeX kernel commands for general use (HO)
)
\Gread@gobject=\count105
))
\Gin@req@height=\dimen127
\Gin@req@width=\dimen128
)
(D:\CTEX\MiKTeX\tex\latex\pgf\systemlayer\pgfsys.sty
(D:\CTEX\MiKTeX\tex\latex\pgf\utilities\pgfrcs.sty
(D:\CTEX\MiKTeX\tex\generic\pgf\utilities\pgfutil-common.tex
\pgfutil@everybye=\toks16
)
(D:\CTEX\MiKTeX\tex\generic\pgf\utilities\pgfutil-latex.def
\pgfutil@abb=\box34

(D:\CTEX\MiKTeX\tex\latex\ms\everyshi.sty
Package: everyshi 2001/05/15 v3.00 EveryShipout Package (MS)
))
(D:\CTEX\MiKTeX\tex\generic\pgf\utilities\pgfrcs.code.tex
Package: pgfrcs 2010/10/25 v2.10 (rcs-revision 1.24)
))
(D:\CTEX\MiKTeX\tex\generic\pgf\systemlayer\pgfsys.code.tex
Package: pgfsys 2010/06/30 v2.10 (rcs-revision 1.37)

(D:\CTEX\MiKTeX\tex\generic\pgf\utilities\pgfkeys.code.tex
\pgfkeys@pathtoks=\toks17
\pgfkeys@temptoks=\toks18

(D:\CTEX\MiKTeX\tex\generic\pgf\utilities\pgfkeysfiltered.code.tex
\pgfkeys@tmptoks=\toks19
))
\pgf@x=\dimen129
\pgf@y=\dimen130
\pgf@xa=\dimen131
\pgf@ya=\dimen132
\pgf@xb=\dimen133
\pgf@yb=\dimen134
\pgf@xc=\dimen135
\pgf@yc=\dimen136
\w@pgf@writea=\write3
\r@pgf@reada=\read1
\c@pgf@counta=\count106
\c@pgf@countb=\count107
\c@pgf@countc=\count108
\c@pgf@countd=\count109

(D:\CTEX\MiKTeX\tex\generic\pgf\systemlayer\pgf.cfg
File: pgf.cfg 2008/05/14  (rcs-revision 1.7)
)
Package pgfsys Info: Driver file for pgf: pgfsys-pdftex.def on input line 900.

(D:\CTEX\MiKTeX\tex\generic\pgf\systemlayer\pgfsys-pdftex.def
File: pgfsys-pdftex.def 2009/05/22  (rcs-revision 1.26)

(D:\CTEX\MiKTeX\tex\generic\pgf\systemlayer\pgfsys-common-pdf.def
File: pgfsys-common-pdf.def 2008/05/19  (rcs-revision 1.10)
)))
(D:\CTEX\MiKTeX\tex\generic\pgf\systemlayer\pgfsyssoftpath.code.tex
File: pgfsyssoftpath.code.tex 2008/07/18  (rcs-revision 1.7)
\pgfsyssoftpath@smallbuffer@items=\count110
\pgfsyssoftpath@bigbuffer@items=\count111
)
(D:\CTEX\MiKTeX\tex\generic\pgf\systemlayer\pgfsysprotocol.code.tex
File: pgfsysprotocol.code.tex 2006/10/16  (rcs-revision 1.4)
))
(D:\CTEX\MiKTeX\tex\latex\xcolor\xcolor.sty
Package: xcolor 2007/01/21 v2.11 LaTeX color extensions (UK)

(D:\CTEX\MiKTeX\tex\latex\00miktex\color.cfg
File: color.cfg 2007/01/18 v1.5 color configuration of teTeX/TeXLive
)
Package xcolor Info: Driver file: pdftex.def on input line 225.
Package xcolor Info: Model `cmy' substituted by `cmy0' on input line 1337.
Package xcolor Info: Model `hsb' substituted by `rgb' on input line 1341.
Package xcolor Info: Model `RGB' extended on input line 1353.
Package xcolor Info: Model `HTML' substituted by `rgb' on input line 1355.
Package xcolor Info: Model `Hsb' substituted by `hsb' on input line 1356.
Package xcolor Info: Model `tHsb' substituted by `hsb' on input line 1357.
Package xcolor Info: Model `HSB' substituted by `hsb' on input line 1358.
Package xcolor Info: Model `Gray' substituted by `gray' on input line 1359.
Package xcolor Info: Model `wave' substituted by `hsb' on input line 1360.
)
(D:\CTEX\MiKTeX\tex\generic\pgf\basiclayer\pgfcore.code.tex
Package: pgfcore 2010/04/11 v2.10 (rcs-revision 1.7)

(D:\CTEX\MiKTeX\tex\generic\pgf\math\pgfmath.code.tex
(D:\CTEX\MiKTeX\tex\generic\pgf\math\pgfmathcalc.code.tex
(D:\CTEX\MiKTeX\tex\generic\pgf\math\pgfmathutil.code.tex)
(D:\CTEX\MiKTeX\tex\generic\pgf\math\pgfmathparser.code.tex
\pgfmath@dimen=\dimen137
\pgfmath@count=\count112
\pgfmath@box=\box35
\pgfmath@toks=\toks20
\pgfmath@stack@operand=\toks21
\pgfmath@stack@operation=\toks22
)
(D:\CTEX\MiKTeX\tex\generic\pgf\math\pgfmathfunctions.code.tex
(D:\CTEX\MiKTeX\tex\generic\pgf\math\pgfmathfunctions.basic.code.tex)
(D:\CTEX\MiKTeX\tex\generic\pgf\math\pgfmathfunctions.trigonometric.code.tex)
(D:\CTEX\MiKTeX\tex\generic\pgf\math\pgfmathfunctions.random.code.tex)
(D:\CTEX\MiKTeX\tex\generic\pgf\math\pgfmathfunctions.comparison.code.tex)
(D:\CTEX\MiKTeX\tex\generic\pgf\math\pgfmathfunctions.base.code.tex)
(D:\CTEX\MiKTeX\tex\generic\pgf\math\pgfmathfunctions.round.code.tex)
(D:\CTEX\MiKTeX\tex\generic\pgf\math\pgfmathfunctions.misc.code.tex)))
(D:\CTEX\MiKTeX\tex\generic\pgf\math\pgfmathfloat.code.tex
\c@pgfmathroundto@lastzeros=\count113
))
(D:\CTEX\MiKTeX\tex\generic\pgf\basiclayer\pgfcorepoints.code.tex
File: pgfcorepoints.code.tex 2010/04/09  (rcs-revision 1.20)
\pgf@picminx=\dimen138
\pgf@picmaxx=\dimen139
\pgf@picminy=\dimen140
\pgf@picmaxy=\dimen141
\pgf@pathminx=\dimen142
\pgf@pathmaxx=\dimen143
\pgf@pathminy=\dimen144
\pgf@pathmaxy=\dimen145
\pgf@xx=\dimen146
\pgf@xy=\dimen147
\pgf@yx=\dimen148
\pgf@yy=\dimen149
\pgf@zx=\dimen150
\pgf@zy=\dimen151
)
(D:\CTEX\MiKTeX\tex\generic\pgf\basiclayer\pgfcorepathconstruct.code.tex
File: pgfcorepathconstruct.code.tex 2010/08/03  (rcs-revision 1.24)
\pgf@path@lastx=\dimen152
\pgf@path@lasty=\dimen153
)
(D:\CTEX\MiKTeX\tex\generic\pgf\basiclayer\pgfcorepathusage.code.tex
File: pgfcorepathusage.code.tex 2008/04/22  (rcs-revision 1.12)
\pgf@shorten@end@additional=\dimen154
\pgf@shorten@start@additional=\dimen155
)
(D:\CTEX\MiKTeX\tex\generic\pgf\basiclayer\pgfcorescopes.code.tex
File: pgfcorescopes.code.tex 2010/09/08  (rcs-revision 1.34)
\pgfpic=\box36
\pgf@hbox=\box37
\pgf@layerbox@main=\box38
\pgf@picture@serial@count=\count114
)
(D:\CTEX\MiKTeX\tex\generic\pgf\basiclayer\pgfcoregraphicstate.code.tex
File: pgfcoregraphicstate.code.tex 2008/04/22  (rcs-revision 1.9)
\pgflinewidth=\dimen156
)
(D:\CTEX\MiKTeX\tex\generic\pgf\basiclayer\pgfcoretransformations.code.tex
File: pgfcoretransformations.code.tex 2009/06/10  (rcs-revision 1.11)
\pgf@pt@x=\dimen157
\pgf@pt@y=\dimen158
\pgf@pt@temp=\dimen159
)
(D:\CTEX\MiKTeX\tex\generic\pgf\basiclayer\pgfcorequick.code.tex
File: pgfcorequick.code.tex 2008/10/09  (rcs-revision 1.3)
)
(D:\CTEX\MiKTeX\tex\generic\pgf\basiclayer\pgfcoreobjects.code.tex
File: pgfcoreobjects.code.tex 2006/10/11  (rcs-revision 1.2)
)
(D:\CTEX\MiKTeX\tex\generic\pgf\basiclayer\pgfcorepathprocessing.code.tex
File: pgfcorepathprocessing.code.tex 2008/10/09  (rcs-revision 1.8)
)
(D:\CTEX\MiKTeX\tex\generic\pgf\basiclayer\pgfcorearrows.code.tex
File: pgfcorearrows.code.tex 2008/04/23  (rcs-revision 1.11)
)
(D:\CTEX\MiKTeX\tex\generic\pgf\basiclayer\pgfcoreshade.code.tex
File: pgfcoreshade.code.tex 2008/11/23  (rcs-revision 1.13)
\pgf@max=\dimen160
\pgf@sys@shading@range@num=\count115
)
(D:\CTEX\MiKTeX\tex\generic\pgf\basiclayer\pgfcoreimage.code.tex
File: pgfcoreimage.code.tex 2010/03/25  (rcs-revision 1.16)

(D:\CTEX\MiKTeX\tex\generic\pgf\basiclayer\pgfcoreexternal.code.tex
File: pgfcoreexternal.code.tex 2010/09/01  (rcs-revision 1.17)
\pgfexternal@startupbox=\box39
))
(D:\CTEX\MiKTeX\tex\generic\pgf\basiclayer\pgfcorelayers.code.tex
File: pgfcorelayers.code.tex 2010/08/27  (rcs-revision 1.2)
)
(D:\CTEX\MiKTeX\tex\generic\pgf\basiclayer\pgfcoretransparency.code.tex
File: pgfcoretransparency.code.tex 2008/01/17  (rcs-revision 1.2)
)
(D:\CTEX\MiKTeX\tex\generic\pgf\basiclayer\pgfcorepatterns.code.tex
File: pgfcorepatterns.code.tex 2009/07/02  (rcs-revision 1.3)
)))
(D:\CTEX\MiKTeX\tex\latex\pgf\utilities\xxcolor.sty
Package: xxcolor 2003/10/24 ver 0.1
\XC@nummixins=\count116
\XC@countmixins=\count117
)
(D:\CTEX\MiKTeX\tex\latex\hyperref\hyperref.sty
Package: hyperref 2012/02/06 v6.82o Hypertext links for LaTeX

(D:\CTEX\MiKTeX\tex\generic\oberdiek\hobsub-hyperref.sty
Package: hobsub-hyperref 2011/04/23 v1.4 Bundle oberdiek, subset hyperref (HO)

(D:\CTEX\MiKTeX\tex\generic\oberdiek\hobsub-generic.sty
Package: hobsub-generic 2011/04/23 v1.4 Bundle oberdiek, subset generic (HO)
Package: hobsub 2011/04/23 v1.4 Subsetting bundle oberdiek (HO)
Package hobsub Info: Skipping package `infwarerr' (already loaded).
Package hobsub Info: Skipping package `ltxcmds' (already loaded).
Package: ifluatex 2010/03/01 v1.3 Provides the ifluatex switch (HO)
Package ifluatex Info: LuaTeX not detected.
Package hobsub Info: Skipping package `ifvtex' (already loaded).
Package: intcalc 2007/09/27 v1.1 Expandable integer calculations (HO)
Package hobsub Info: Skipping package `ifpdf' (already loaded).
Package: etexcmds 2011/02/16 v1.5 Prefix for e-TeX command names (HO)
Package etexcmds Info: Could not find \expanded.
(etexcmds)             That can mean that you are not using pdfTeX 1.50 or
(etexcmds)             that some package has redefined \expanded.
(etexcmds)             In the latter case, load this package earlier.
Package: kvsetkeys 2011/04/07 v1.13 Key value parser (HO)
Package: kvdefinekeys 2011/04/07 v1.3 Defining keys (HO)
Package: pdftexcmds 2011/04/22 v0.16 Utilities of pdfTeX for LuaTeX (HO)
Package pdftexcmds Info: LuaTeX not detected.
Package pdftexcmds Info: \pdf@primitive is available.
Package pdftexcmds Info: \pdf@ifprimitive is available.
Package pdftexcmds Info: \pdfdraftmode found.
Package: pdfescape 2011/04/04 v1.12 Provides string conversions (HO)
Package: bigintcalc 2011/01/30 v1.2 Expandable big integer calculations (HO)
Package: bitset 2011/01/30 v1.1 Data type bit set (HO)
Package: uniquecounter 2011/01/30 v1.2 Provides unlimited unique counter (HO)
)
Package hobsub Info: Skipping package `hobsub' (already loaded).
Package: letltxmacro 2010/09/02 v1.4 Let assignment for LaTeX macros (HO)
Package: hopatch 2011/01/30 v1.0 Wrapper for package hooks (HO)
Package: xcolor-patch 2011/01/30 xcolor patch
Package: atveryend 2011/04/23 v1.7 Hooks at very end of document (HO)
Package: atbegshi 2011/01/30 v1.15 At begin shipout hook (HO)
Package: refcount 2010/12/01 v3.2 Data extraction from references (HO)
Package: hycolor 2011/01/30 v1.7 Color options of hyperref/bookmark (HO)
)
(D:\CTEX\MiKTeX\tex\latex\oberdiek\kvoptions.sty
Package: kvoptions 2010/12/23 v3.10 Keyval support for LaTeX options (HO)
)
\@linkdim=\dimen161
\Hy@linkcounter=\count118
\Hy@pagecounter=\count119

(D:\CTEX\MiKTeX\tex\latex\hyperref\pd1enc.def
File: pd1enc.def 2012/02/06 v6.82o Hyperref: PDFDocEncoding definition (HO)
)
\Hy@SavedSpaceFactor=\count120

(D:\CTEX\MiKTeX\tex\latex\00miktex\hyperref.cfg
File: hyperref.cfg 2002/06/06 v1.2 hyperref configuration of TeXLive
)
Package hyperref Info: Option `bookmarks' set `true' on input line 3925.
Package hyperref Info: Option `bookmarksopen' set `true' on input line 3925.
Package hyperref Info: Option `implicit' set `false' on input line 3925.
Package hyperref Info: Hyper figures OFF on input line 4046.
Package hyperref Info: Link nesting OFF on input line 4051.
Package hyperref Info: Hyper index ON on input line 4054.
Package hyperref Info: Plain pages OFF on input line 4061.
Package hyperref Info: Backreferencing OFF on input line 4066.
Package hyperref Info: Implicit mode OFF; no redefinition of LaTeX internals.
Package hyperref Info: Bookmarks ON on input line 4284.
\c@Hy@tempcnt=\count121

(D:\CTEX\MiKTeX\tex\latex\ltxmisc\url.sty
\Urlmuskip=\muskip10
Package: url 2006/04/12  ver 3.3  Verb mode for urls, etc.
)
LaTeX Info: Redefining \url on input line 4637.
\Fld@menulength=\count122
\Field@Width=\dimen162
\Fld@charsize=\dimen163
Package hyperref Info: Hyper figures OFF on input line 5757.
Package hyperref Info: Link nesting OFF on input line 5762.
Package hyperref Info: Hyper index ON on input line 5765.
Package hyperref Info: backreferencing OFF on input line 5772.
Package hyperref Info: Link coloring OFF on input line 5777.
Package hyperref Info: Link coloring with OCG OFF on input line 5782.
Package hyperref Info: PDF/A mode OFF on input line 5787.
LaTeX Info: Redefining \ref on input line 5827.
LaTeX Info: Redefining \pageref on input line 5831.
\Hy@abspage=\count123


Package hyperref Message: Stopped early.

)

Package hyperref Message: Driver (autodetected): hpdftex.

(D:\CTEX\MiKTeX\tex\latex\hyperref\hpdftex.def
File: hpdftex.def 2012/02/06 v6.82o Hyperref driver for pdfTeX
\Fld@listcount=\count124
\c@bookmark@seq@number=\count125

(D:\CTEX\MiKTeX\tex\latex\oberdiek\rerunfilecheck.sty
Package: rerunfilecheck 2011/04/15 v1.7 Rerun checks for auxiliary files (HO)
Package uniquecounter Info: New unique counter `rerunfilecheck' on input line 2
82.
))
(D:\CTEX\MiKTeX\tex\latex\beamer\base\beamerbaserequires.sty
Package: beamerbaserequires 2010/05/01  (rcs-revision efa082c6111d)

(D:\CTEX\MiKTeX\tex\latex\beamer\base\beamerbasecompatibility.sty
Package: beamerbasecompatibility 2011/09/24  (rcs-revision 17e820568435)
)
(D:\CTEX\MiKTeX\tex\latex\beamer\base\beamerbasefont.sty
Package: beamerbasefont 2010/10/26  (rcs-revision f39336aafb3c)

(D:\CTEX\MiKTeX\tex\latex\amsfonts\amssymb.sty
Package: amssymb 2009/06/22 v3.00

(D:\CTEX\MiKTeX\tex\latex\amsfonts\amsfonts.sty
Package: amsfonts 2009/06/22 v3.00 Basic AMSFonts support
\@emptytoks=\toks23
\symAMSa=\mathgroup4
\symAMSb=\mathgroup5
LaTeX Font Info:    Overwriting math alphabet `\mathfrak' in version `bold'
(Font)                  U/euf/m/n --> U/euf/b/n on input line 96.
)))
(D:\CTEX\MiKTeX\tex\latex\beamer\base\beamerbasetranslator.sty
Package: beamerbasetranslator 2010/06/11  (rcs-revision 85fd1cc7fc42)

(D:\CTEX\MiKTeX\tex\latex\beamer\base\translator\translator.sty
Package: translator 2010/06/12 ver 1.10

(D:\CTEX\MiKTeX\tex\latex\beamer\base\translator\translator-language-mappings.t
ex))) (D:\CTEX\MiKTeX\tex\latex\beamer\base\beamerbasemisc.sty
Package: beamerbasemisc 2012/02/24  (rcs-revision 2ff5461be705)
)
(D:\CTEX\MiKTeX\tex\latex\beamer\base\beamerbasetwoscreens.sty
Package: beamerbasetwoscreens 2010/05/01  (rcs-revision efa082c6111d)
)
(D:\CTEX\MiKTeX\tex\latex\beamer\base\beamerbaseoverlay.sty
Package: beamerbaseoverlay 2012/02/22  (rcs-revision 1e3e174835fb)
\beamer@argscount=\count126
\beamer@lastskipcover=\skip44
\beamer@trivlistdepth=\count127
)
(D:\CTEX\MiKTeX\tex\latex\beamer\base\beamerbasetitle.sty
Package: beamerbasetitle 2010/09/21  (rcs-revision f0446ed0b6ae)
)
(D:\CTEX\MiKTeX\tex\latex\beamer\base\beamerbasesection.sty
Package: beamerbasesection 2012/02/22  (rcs-revision 9a2581f9efb6)
\c@lecture=\count128
\c@part=\count129
\c@section=\count130
\c@subsection=\count131
\c@subsubsection=\count132
)
(D:\CTEX\MiKTeX\tex\latex\beamer\base\beamerbaseframe.sty
Package: beamerbaseframe 2011/09/12  (rcs-revision 70f9d8411e54)
\beamer@framebox=\box40
\beamer@frametitlebox=\box41
\beamer@zoombox=\box42
\beamer@zoomcount=\count133
\beamer@zoomframecount=\count134
\beamer@frametextheight=\dimen164
\c@subsectionslide=\count135
\beamer@frametopskip=\skip45
\beamer@framebottomskip=\skip46
\beamer@frametopskipautobreak=\skip47
\beamer@framebottomskipautobreak=\skip48
\beamer@envbody=\toks24
\c@framenumber=\count136
)
(D:\CTEX\MiKTeX\tex\latex\beamer\base\beamerbaseverbatim.sty
Package: beamerbaseverbatim 2011/09/12  (rcs-revision 70f9d8411e54)
\beamer@verbatimfileout=\write4
)
(D:\CTEX\MiKTeX\tex\latex\beamer\base\beamerbaseframesize.sty
Package: beamerbaseframesize 2011/09/12  (rcs-revision 70f9d8411e54)
\beamer@splitbox=\box43
\beamer@autobreakcount=\count137
\beamer@autobreaklastheight=\dimen165
\beamer@frametitletoks=\toks25
\beamer@framesubtitletoks=\toks26
)
(D:\CTEX\MiKTeX\tex\latex\beamer\base\beamerbaseframecomponents.sty
Package: beamerbaseframecomponents 2011/09/12  (rcs-revision 70f9d8411e54)
\beamer@footins=\box44
)
(D:\CTEX\MiKTeX\tex\latex\beamer\base\beamerbasecolor.sty
Package: beamerbasecolor 2010/06/06  (rcs-revision d1a9b48be06d)
)
(D:\CTEX\MiKTeX\tex\latex\beamer\base\beamerbasenotes.sty
Package: beamerbasenotes 2010/05/01  (rcs-revision efa082c6111d)
\beamer@frameboxcopy=\box45
)
(D:\CTEX\MiKTeX\tex\latex\beamer\base\beamerbasetoc.sty
Package: beamerbasetoc 2012/02/28  (rcs-revision 138681b92320)
)
(D:\CTEX\MiKTeX\tex\latex\beamer\base\beamerbasetemplates.sty
Package: beamerbasetemplates 2010/05/01  (rcs-revision efa082c6111d)
\beamer@sbttoks=\toks27

(D:\CTEX\MiKTeX\tex\latex\beamer\base\beamerbaseauxtemplates.sty
Package: beamerbaseauxtemplates 2010/05/01  (rcs-revision efa082c6111d)

(D:\CTEX\MiKTeX\tex\latex\beamer\base\beamerbaseboxes.sty
Package: beamerbaseboxes 2010/05/01  (rcs-revision efa082c6111d)
\bmb@box=\box46
\bmb@colorbox=\box47
\bmb@boxshadow=\box48
\bmb@boxshadowball=\box49
\bmb@boxshadowballlarge=\box50
\bmb@temp=\dimen166
\bmb@dima=\dimen167
\bmb@dimb=\dimen168
\bmb@prevheight=\dimen169
)
\beamer@blockheadheight=\dimen170
))
(D:\CTEX\MiKTeX\tex\latex\beamer\base\beamerbaselocalstructure.sty
Package: beamerbaselocalstructure 2012/02/22  (rcs-revision 2ae76965ffee)

(D:\CTEX\MiKTeX\tex\latex\tools\enumerate.sty
Package: enumerate 1999/03/05 v3.00 enumerate extensions (DPC)
\@enLab=\toks28
)
\c@figure=\count138
\c@table=\count139
\abovecaptionskip=\skip49
\belowcaptionskip=\skip50
)
(D:\CTEX\MiKTeX\tex\latex\beamer\base\beamerbasenavigation.sty
Package: beamerbasenavigation 2010/05/01  (rcs-revision efa082c6111d)
)
(D:\CTEX\MiKTeX\tex\latex\beamer\base\beamerbasetheorems.sty
Package: beamerbasetheorems 2010/06/06  (rcs-revision 7e7cc5e53e9d)

(D:\CTEX\MiKTeX\tex\latex\ams\math\amsmath.sty
Package: amsmath 2000/07/18 v2.13 AMS math features
\@mathmargin=\skip51

For additional information on amsmath, use the `?' option.
(D:\CTEX\MiKTeX\tex\latex\ams\math\amstext.sty
Package: amstext 2000/06/29 v2.01

(D:\CTEX\MiKTeX\tex\latex\ams\math\amsgen.sty
File: amsgen.sty 1999/11/30 v2.0
\@emptytoks=\toks29
\ex@=\dimen171
))
(D:\CTEX\MiKTeX\tex\latex\ams\math\amsbsy.sty
Package: amsbsy 1999/11/29 v1.2d
\pmbraise@=\dimen172
)
(D:\CTEX\MiKTeX\tex\latex\ams\math\amsopn.sty
Package: amsopn 1999/12/14 v2.01 operator names
)
\inf@bad=\count140
LaTeX Info: Redefining \frac on input line 211.
\uproot@=\count141
\leftroot@=\count142
LaTeX Info: Redefining \overline on input line 307.
\classnum@=\count143
\DOTSCASE@=\count144
LaTeX Info: Redefining \ldots on input line 379.
LaTeX Info: Redefining \dots on input line 382.
LaTeX Info: Redefining \cdots on input line 467.
\Mathstrutbox@=\box51
\strutbox@=\box52
\big@size=\dimen173
LaTeX Font Info:    Redeclaring font encoding OML on input line 567.
LaTeX Font Info:    Redeclaring font encoding OMS on input line 568.
\macc@depth=\count145
\c@MaxMatrixCols=\count146
\dotsspace@=\muskip11
\c@parentequation=\count147
\dspbrk@lvl=\count148
\tag@help=\toks30
\row@=\count149
\column@=\count150
\maxfields@=\count151
\andhelp@=\toks31
\eqnshift@=\dimen174
\alignsep@=\dimen175
\tagshift@=\dimen176
\tagwidth@=\dimen177
\totwidth@=\dimen178
\lineht@=\dimen179
\@envbody=\toks32
\multlinegap=\skip52
\multlinetaggap=\skip53
\mathdisplay@stack=\toks33
LaTeX Info: Redefining \[ on input line 2666.
LaTeX Info: Redefining \] on input line 2667.
)
(D:\CTEX\MiKTeX\tex\latex\ams\classes\amsthm.sty
Package: amsthm 2004/08/06 v2.20
\thm@style=\toks34
\thm@bodyfont=\toks35
\thm@headfont=\toks36
\thm@notefont=\toks37
\thm@headpunct=\toks38
\thm@preskip=\skip54
\thm@postskip=\skip55
\thm@headsep=\skip56
\dth@everypar=\toks39
)
\c@theorem=\count152
)
(D:\CTEX\MiKTeX\tex\latex\beamer\base\beamerbasethemes.sty
Package: beamerbasethemes 2010/05/01  (rcs-revision efa082c6111d)
))
(D:\CTEX\MiKTeX\tex\latex\beamer\base\themes\theme\beamerthemedefault.sty
Package: beamerthemedefault 2010/06/17  (rcs-revision d02a7cf4d8ae)

(D:\CTEX\MiKTeX\tex\latex\beamer\base\themes\font\beamerfontthemedefault.sty
Package: beamerfontthemedefault 2010/06/17  (rcs-revision d02a7cf4d8ae)
)
(D:\CTEX\MiKTeX\tex\latex\beamer\base\themes\color\beamercolorthemedefault.sty
Package: beamercolorthemedefault 2010/06/17  (rcs-revision d02a7cf4d8ae)
) (D:\CTEX\MiKTeX\tex\latex\beamer\base\themes\inner\beamerinnerthemedefault.st
y
Package: beamerinnerthemedefault 2010/06/17  (rcs-revision d02a7cf4d8ae)
\beamer@dima=\dimen180
\beamer@dimb=\dimen181
)
(D:\CTEX\MiKTeX\tex\latex\beamer\base\themes\outer\beamerouterthemedefault.sty
Package: beamerouterthemedefault 2010/06/17  (rcs-revision d02a7cf4d8ae)
))) (D:\CTEX\MiKTeX\tex\generic\babel\babel.sty
Package: babel 2008/07/08 v3.8m The Babel package

*************************************
* Local config file bblopts.cfg used
*
(D:\CTEX\MiKTeX\tex\latex\00miktex\bblopts.cfg
File: bblopts.cfg 2006/07/31 v1.0 MiKTeX 'babel' configuration
)
(D:\CTEX\MiKTeX\tex\generic\babel\english.ldf
Language: english 2005/03/30 v3.3o English support from the babel system

(D:\CTEX\MiKTeX\tex\generic\babel\babel.def
File: babel.def 2008/07/08 v3.8m Babel common definitions
LaTeX Info: Redefining \textlatin on input line 82.
\babel@savecnt=\count153
\U@D=\dimen182
)
\l@british = a dialect from \language0
\l@UKenglish = a dialect from \language0
\l@american = a dialect from \language0
\l@canadian = a dialect from \language\l@american 
\l@australian = a dialect from \language\l@british 
\l@newzealand = a dialect from \language\l@british 
))
(D:\CTEX\MiKTeX\tex\latex\oberdiek\epstopdf.sty
Package: epstopdf 2010/02/09 v2.5 Conversion with epstopdf on the fly (HO)

(D:\CTEX\MiKTeX\tex\latex\oberdiek\epstopdf-base.sty
Package: epstopdf-base 2010/02/09 v2.5 Base part for package epstopdf

(D:\CTEX\MiKTeX\tex\latex\oberdiek\grfext.sty
Package: grfext 2010/08/19 v1.1 Managing graphics extensions (HO)
)
Package grfext Info: Graphics extension search list:
(grfext)             [.png,.pdf,.jpg,.mps,.jpeg,.jbig2,.jb2,.PNG,.PDF,.JPG,.JPE
G,.JBIG2,.JB2,.eps]
(grfext)             \AppendGraphicsExtensions on input line 452.
))
(D:\CTEX\MiKTeX\tex\latex\caption\caption.sty
Package: caption 2011/11/10 v3.2e Customizing captions (AR)

(D:\CTEX\MiKTeX\tex\latex\caption\caption3.sty
Package: caption3 2011/11/01 v1.4a caption3 kernel (AR)
\captionmargin=\dimen183
\captionmargin@=\dimen184
\captionwidth=\dimen185
\caption@indent=\dimen186
\caption@parindent=\dimen187
\caption@hangindent=\dimen188
)
\c@ContinuedFloat=\count154
Package caption Info: beamer document class.
Package caption Info: hyperref package is loaded.
Package caption Info: Hyperref support is turned off
(caption)             because hyperref has stopped early.
)
(D:\CTEX\MiKTeX\tex\latex\beamer\base\themes\color\beamercolorthemestructure.st
y
Package: beamercolorthemestructure 2010/06/17  (rcs-revision d02a7cf4d8ae)
) (D:\CTEX\MiKTeX\tex\latex\beamer\base\themes\theme\beamerthemeWarsaw.sty
Package: beamerthemeWarsaw 2010/06/17  (rcs-revision d02a7cf4d8ae)

(D:\CTEX\MiKTeX\tex\latex\beamer\base\themes\inner\beamerinnerthemerounded.sty
Package: beamerinnerthemerounded 2010/06/17  (rcs-revision d02a7cf4d8ae)
) (D:\CTEX\MiKTeX\tex\latex\beamer\base\themes\outer\beamerouterthemeshadow.sty
Package: beamerouterthemeshadow 2010/06/17  (rcs-revision d02a7cf4d8ae)

(D:\CTEX\MiKTeX\tex\latex\beamer\base\themes\outer\beamerouterthemesplit.sty
Package: beamerouterthemesplit 2010/06/17  (rcs-revision d02a7cf4d8ae)
))
(D:\CTEX\MiKTeX\tex\latex\beamer\base\themes\color\beamercolorthemeorchid.sty
Package: beamercolorthemeorchid 2010/06/17  (rcs-revision d02a7cf4d8ae)
)
(D:\CTEX\MiKTeX\tex\latex\beamer\base\themes\color\beamercolorthemewhale.sty
Package: beamercolorthemewhale 2010/06/17  (rcs-revision d02a7cf4d8ae)
))
(C:\Users\Administrator\Desktop\å‘¨æŠ¥\Report\report-ysl.aux)
LaTeX Font Info:    Checking defaults for OML/cmm/m/it on input line 38.
LaTeX Font Info:    ... okay on input line 38.
LaTeX Font Info:    Checking defaults for T1/cmr/m/n on input line 38.
LaTeX Font Info:    ... okay on input line 38.
LaTeX Font Info:    Checking defaults for OT1/cmr/m/n on input line 38.
LaTeX Font Info:    ... okay on input line 38.
LaTeX Font Info:    Checking defaults for OMS/cmsy/m/n on input line 38.
LaTeX Font Info:    ... okay on input line 38.
LaTeX Font Info:    Checking defaults for OMX/cmex/m/n on input line 38.
LaTeX Font Info:    ... okay on input line 38.
LaTeX Font Info:    Checking defaults for U/cmr/m/n on input line 38.
LaTeX Font Info:    ... okay on input line 38.
LaTeX Font Info:    Checking defaults for PD1/pdf/m/n on input line 38.
LaTeX Font Info:    ... okay on input line 38.

*geometry* driver: auto-detecting
*geometry* detected driver: pdftex
*geometry* verbose mode - [ preamble ] result:
* driver: pdftex
* paper: custom
* layout: <same size as paper>
* layoutoffset:(h,v)=(0.0pt,0.0pt)
* modes: includehead includefoot 
* h-part:(L,W,R)=(28.45274pt, 307.28987pt, 28.45274pt)
* v-part:(T,H,B)=(0.0pt, 273.14662pt, 0.0pt)
* \paperwidth=364.19536pt
* \paperheight=273.14662pt
* \textwidth=307.28987pt
* \textheight=244.6939pt
* \oddsidemargin=-43.81725pt
* \evensidemargin=-43.81725pt
* \topmargin=-72.26999pt
* \headheight=14.22636pt
* \headsep=0.0pt
* \topskip=11.0pt
* \footskip=14.22636pt
* \marginparwidth=4.0pt
* \marginparsep=10.0pt
* \columnsep=10.0pt
* \skip\footins=10.0pt plus 4.0pt minus 2.0pt
* \hoffset=0.0pt
* \voffset=0.0pt
* \mag=1000
* \@twocolumnfalse
* \@twosidefalse
* \@mparswitchfalse
* \@reversemarginfalse
* (1in=72.27pt=25.4mm, 1cm=28.453pt)

(D:\CTEX\MiKTeX\tex\context\base\supp-pdf.mkii
[Loading MPS to PDF converter (version 2006.09.02).]
\scratchcounter=\count155
\scratchdimen=\dimen189
\scratchbox=\box53
\nofMPsegments=\count156
\nofMParguments=\count157
\everyMPshowfont=\toks40
\MPscratchCnt=\count158
\MPscratchDim=\dimen190
\MPnumerator=\count159
\makeMPintoPDFobject=\count160
\everyMPtoPDFconversion=\toks41
) ABD: EveryShipout initializing macros
\AtBeginShipoutBox=\box54
Package hyperref Info: Link coloring OFF on input line 38.

(D:\CTEX\MiKTeX\tex\latex\hyperref\nameref.sty
Package: nameref 2010/04/30 v2.40 Cross-referencing by name of section

(D:\CTEX\MiKTeX\tex\generic\oberdiek\gettitlestring.sty
Package: gettitlestring 2010/12/03 v1.4 Cleanup title references (HO)
)
\c@section@level=\count161
)
LaTeX Info: Redefining \ref on input line 38.
LaTeX Info: Redefining \pageref on input line 38.
LaTeX Info: Redefining \nameref on input line 38.

(C:\Users\Administrator\Desktop\å‘¨æŠ¥\Report\report-ysl.out)
(C:\Users\Administrator\Desktop\å‘¨æŠ¥\Report\report-ysl.out)
\@outlinefile=\write5
LaTeX Font Info:    Overwriting symbol font `operators' in version `normal'
(Font)                  OT1/cmr/m/n --> OT1/cmss/m/n on input line 38.
LaTeX Font Info:    Overwriting symbol font `operators' in version `bold'
(Font)                  OT1/cmr/bx/n --> OT1/cmss/bx/n on input line 38.
\symnumbers=\mathgroup6
\sympureletters=\mathgroup7
LaTeX Font Info:    Overwriting math alphabet `\mathrm' in version `normal'
(Font)                  OT1/cmss/m/n --> OT1/cmr/m/n on input line 38.
LaTeX Font Info:    Redeclaring math alphabet \mathbf on input line 38.
LaTeX Font Info:    Overwriting math alphabet `\mathbf' in version `normal'
(Font)                  OT1/cmr/bx/n --> OT1/cmss/bx/n on input line 38.
LaTeX Font Info:    Overwriting math alphabet `\mathbf' in version `bold'
(Font)                  OT1/cmr/bx/n --> OT1/cmss/bx/n on input line 38.
LaTeX Font Info:    Redeclaring math alphabet \mathsf on input line 38.
LaTeX Font Info:    Overwriting math alphabet `\mathsf' in version `normal'
(Font)                  OT1/cmss/m/n --> OT1/cmss/m/n on input line 38.
LaTeX Font Info:    Overwriting math alphabet `\mathsf' in version `bold'
(Font)                  OT1/cmss/bx/n --> OT1/cmss/m/n on input line 38.
LaTeX Font Info:    Redeclaring math alphabet \mathit on input line 38.
LaTeX Font Info:    Overwriting math alphabet `\mathit' in version `normal'
(Font)                  OT1/cmr/m/it --> OT1/cmss/m/it on input line 38.
LaTeX Font Info:    Overwriting math alphabet `\mathit' in version `bold'
(Font)                  OT1/cmr/bx/it --> OT1/cmss/m/it on input line 38.
LaTeX Font Info:    Redeclaring math alphabet \mathtt on input line 38.
LaTeX Font Info:    Overwriting math alphabet `\mathtt' in version `normal'
(Font)                  OT1/cmtt/m/n --> OT1/cmtt/m/n on input line 38.
LaTeX Font Info:    Overwriting math alphabet `\mathtt' in version `bold'
(Font)                  OT1/cmtt/m/n --> OT1/cmtt/m/n on input line 38.
LaTeX Font Info:    Overwriting symbol font `numbers' in version `bold'
(Font)                  OT1/cmss/m/n --> OT1/cmss/bx/n on input line 38.
LaTeX Font Info:    Overwriting symbol font `pureletters' in version `bold'
(Font)                  OT1/cmss/m/it --> OT1/cmss/bx/it on input line 38.
LaTeX Font Info:    Overwriting math alphabet `\mathrm' in version `bold'
(Font)                  OT1/cmss/bx/n --> OT1/cmr/bx/n on input line 38.
LaTeX Font Info:    Overwriting math alphabet `\mathbf' in version `bold'
(Font)                  OT1/cmss/bx/n --> OT1/cmss/bx/n on input line 38.
LaTeX Font Info:    Overwriting math alphabet `\mathsf' in version `bold'
(Font)                  OT1/cmss/m/n --> OT1/cmss/bx/n on input line 38.
LaTeX Font Info:    Overwriting math alphabet `\mathit' in version `bold'
(Font)                  OT1/cmss/m/it --> OT1/cmss/bx/it on input line 38.
LaTeX Font Info:    Overwriting math alphabet `\mathtt' in version `bold'
(Font)                  OT1/cmtt/m/n --> OT1/cmtt/bx/n on input line 38.

(D:\CTEX\MiKTeX\tex\latex\beamer\base\translator\dicts\translator-basic-diction
ary\translator-basic-dictionary-English.dict
Dictionary: translator-basic-dictionary, Language: English 
)
(D:\CTEX\MiKTeX\tex\latex\beamer\base\translator\dicts\translator-bibliography-
dictionary\translator-bibliography-dictionary-English.dict
Dictionary: translator-bibliography-dictionary, Language: English 
)
(D:\CTEX\MiKTeX\tex\latex\beamer\base\translator\dicts\translator-environment-d
ictionary\translator-environment-dictionary-English.dict
Dictionary: translator-environment-dictionary, Language: English 
)
(D:\CTEX\MiKTeX\tex\latex\beamer\base\translator\dicts\translator-months-dictio
nary\translator-months-dictionary-English.dict
Dictionary: translator-months-dictionary, Language: English 
)
(D:\CTEX\MiKTeX\tex\latex\beamer\base\translator\dicts\translator-numbers-dicti
onary\translator-numbers-dictionary-English.dict
Dictionary: translator-numbers-dictionary, Language: English 
)
(D:\CTEX\MiKTeX\tex\latex\beamer\base\translator\dicts\translator-theorem-dicti
onary\translator-theorem-dictionary-English.dict
Dictionary: translator-theorem-dictionary, Language: English 
)
LaTeX Info: Redefining \includegraphics on input line 38.
Package caption Info: Begin \AtBeginDocument code.
Package caption Info: End \AtBeginDocument code.

(C:\Users\Administrator\Desktop\å‘¨æŠ¥\Report\report-ysl.nav)

LaTeX Font Warning: Font shape `OT1/cmss/m/n' in size <4> not available
(Font)              size <5> substituted on input line 43.



pdfTeX warning: pdflatex.exe (file C:/Users/Administrator/Desktop/å‘¨æŠ¥/Report
/dut_logo.pdf): PDF inclusion: found PDF version <1.6>, but at most version <1.
5> allowed
<dut_logo.pdf, id=25, 1204.5pt x 879.285pt>
File: dut_logo.pdf Graphic file (type pdf)
 <use dut_logo.pdf>
Package pdftex.def Info: dut_logo.pdf used on input line 43.
(pdftex.def)             Requested size: 38.96382pt x 28.45274pt.
 [1{D:/CTEX/UserData/pdftex/config/pdftex.map{Unicode.sfd}{UGBK.sfd}}

 <C:/Users/Administrator/Desktop/å‘¨æŠ¥/Report/dut_logo.pdf>]
(C:\Users\Administrator\Desktop\å‘¨æŠ¥\Report\report-ysl.toc)
File: dut_logo.pdf Graphic file (type pdf)

<use dut_logo.pdf>
Package pdftex.def Info: dut_logo.pdf used on input line 52.
(pdftex.def)             Requested size: 38.96382pt x 28.45274pt.
 [2

] <image/fig1.png, id=102, 551.81157pt x 386.94562pt>
File: image/fig1.png Graphic file (type png)

<use image/fig1.png>
Package pdftex.def Info: image/fig1.png used on input line 70.
(pdftex.def)             Requested size: 239.39618pt x 167.87108pt.
File: dut_logo.pdf Graphic file (type pdf)
 <use dut_logo.pdf>
Package pdftex.def Info: dut_logo.pdf used on input line 70.
(pdftex.def)             Requested size: 38.96382pt x 28.45274pt.
 [3

 <C:/Users/Administrator/Desktop/å‘¨æŠ¥/Report/image/fig1.png>]
File: dut_logo.pdf Graphic file (type pdf)
 <use dut_logo.pdf>
Package pdftex.def Info: dut_logo.pdf used on input line 91.
(pdftex.def)             Requested size: 38.96382pt x 28.45274pt.
 [4

]
File: dut_logo.pdf Graphic file (type pdf)
 <use dut_logo.pdf>
Package pdftex.def Info: dut_logo.pdf used on input line 117.
(pdftex.def)             Requested size: 38.96382pt x 28.45274pt.
 [5

]
<image/fig2.png, id=192, 950.04938pt x 400.49625pt>
File: image/fig2.png Graphic file (type png)
 <use image/fig2.png>
Package pdftex.def Info: image/fig2.png used on input line 152.
(pdftex.def)             Requested size: 137.31255pt x 57.88408pt.

<image/fig3.png, id=194, 235.1184pt x 80.9424pt>
File: image/fig3.png Graphic file (type png)
 <use image/fig3.png>
Package pdftex.def Info: image/fig3.png used on input line 152.
(pdftex.def)             Requested size: 187.90244pt x 64.68977pt.

Overfull \hbox (34.2575pt too wide) in paragraph at lines 152--152
 [][] 
 []

File: dut_logo.pdf Graphic file (type pdf)
<use dut_logo.pdf>
Package pdftex.def Info: dut_logo.pdf used on input line 152.
(pdftex.def)             Requested size: 38.96382pt x 28.45274pt.
 [6

 <C:/Users/Administrator/Desktop/å‘¨æŠ¥/Report/image/fig2.png> <C:/Users/Admini
strator/Desktop/å‘¨æŠ¥/Report/image/fig3.png>]
<image/fig4.png, id=225, 685.8122pt x 569.12625pt>
File: image/fig4.png Graphic file (type png)
 <use image/fig4.png>
Package pdftex.def Info: image/fig4.png used on input line 188.
(pdftex.def)             Requested size: 86.72377pt x 71.96559pt.

<image/fig5.png, id=226, 1268.48906pt x 932.73468pt>
File: image/fig5.png Graphic file (type png)
 <use image/fig5.png>
Package pdftex.def Info: image/fig5.png used on input line 188.
(pdftex.def)             Requested size: 86.72377pt x 63.761pt.

<image/fig6.png, id=227, 627.09282pt x 550.30594pt>
File: image/fig6.png Graphic file (type png)
 <use image/fig6.png>
Package pdftex.def Info: image/fig6.png used on input line 188.
(pdftex.def)             Requested size: 115.63243pt x 101.46912pt.

Overfull \hbox (23.44453pt too wide) in paragraph at lines 188--188
 [][] 
 []

File: dut_logo.pdf Graphic file (type pdf)
<use dut_logo.pdf>
Package pdftex.def Info: dut_logo.pdf used on input line 188.
(pdftex.def)             Requested size: 38.96382pt x 28.45274pt.
 [7

 <C:/Users/Administrator/Desktop/å‘¨æŠ¥/Report/image/fig4.png> <C:/Users/Admini
strator/Desktop/å‘¨æŠ¥/Report/image/fig5.png> <C:/Users/Administrator/Desktop/å
‘¨æŠ¥/Report/image/fig6.png>]
<image/fig7.png, id=263, 237.5274pt x 118.041pt>
File: image/fig7.png Graphic file (type png)
 <use image/fig7.png>
Package pdftex.def Info: image/fig7.png used on input line 220.
(pdftex.def)             Requested size: 115.63243pt x 57.46414pt.

<image/fig8.png, id=264, 146.4672pt x 93.4692pt>
File: image/fig8.png Graphic file (type png)
 <use image/fig8.png>
Package pdftex.def Info: image/fig8.png used on input line 220.
(pdftex.def)             Requested size: 115.63243pt x 73.7942pt.
File: dut_logo.pdf Graphic file (type pdf)

<use dut_logo.pdf>
Package pdftex.def Info: dut_logo.pdf used on input line 220.
(pdftex.def)             Requested size: 38.96382pt x 28.45274pt.
 [8

 <C:/Users/Administrator/Desktop/å‘¨æŠ¥/Report/image/fig7.png> <C:/Users/Admini
strator/Desktop/å‘¨æŠ¥/Report/image/fig8.png>]
<image/fig9.png, id=297, 145.5036pt x 89.133pt>
File: image/fig9.png Graphic file (type png)
 <use image/fig9.png>
Package pdftex.def Info: image/fig9.png used on input line 256.
(pdftex.def)             Requested size: 101.17755pt x 61.98056pt.

<image/fig10.png, id=298, 180.675pt x 123.3408pt>
File: image/fig10.png Graphic file (type png)
 <use image/fig10.png>
Package pdftex.def Info: image/fig10.png used on input line 256.
(pdftex.def)             Requested size: 101.17755pt x 69.07036pt.

Overfull \hbox (8.98965pt too wide) in paragraph at lines 256--256
 [][] 
 []

<image/fig11.png, id=299, 172.4844pt x 104.5506pt>
File: image/fig11.png Graphic file (type png)
 <use image/fig11.png>
Package pdftex.def Info: image/fig11.png used on input line 256.
(pdftex.def)             Requested size: 115.63243pt x 70.0916pt.

Overfull \hbox (23.44453pt too wide) in paragraph at lines 256--256
 [][] 
 []

File: dut_logo.pdf Graphic file (type pdf)
<use dut_logo.pdf>
Package pdftex.def Info: dut_logo.pdf used on input line 256.
(pdftex.def)             Requested size: 38.96382pt x 28.45274pt.
 [9

 <C:/Users/Administrator/Desktop/å‘¨æŠ¥/Report/image/fig9.png> <C:/Users/Admini
strator/Desktop/å‘¨æŠ¥/Report/image/fig10.png> <C:/Users/Administrator/Desktop/
å‘¨æŠ¥/Report/image/fig11.png>]
File: dut_logo.pdf Graphic file (type pdf)
 <use dut_logo.pdf>
Package pdftex.def Info: dut_logo.pdf used on input line 279.
(pdftex.def)             Requested size: 38.96382pt x 28.45274pt.

[10

]
File: dut_logo.pdf Graphic file (type pdf)
 <use dut_logo.pdf>
Package pdftex.def Info: dut_logo.pdf used on input line 294.
(pdftex.def)             Requested size: 38.96382pt x 28.45274pt.
 [11

]
File: dut_logo.pdf Graphic file (type pdf)
 <use dut_logo.pdf>
Package pdftex.def Info: dut_logo.pdf used on input line 309.
(pdftex.def)             Requested size: 38.96382pt x 28.45274pt.
 [12

]
<image/fig12.png, id=415, 237.5274pt x 203.3196pt>
File: image/fig12.png Graphic file (type png)
 <use image/fig12.png>
Package pdftex.def Info: image/fig12.png used on input line 326.
(pdftex.def)             Requested size: 162.87924pt x 139.41832pt.

Overfull \vbox (12.1092pt too high) detected at line 326
 []

File: dut_logo.pdf Graphic file (type pdf)
<use dut_logo.pdf>
Package pdftex.def Info: dut_logo.pdf used on input line 326.
(pdftex.def)             Requested size: 38.96382pt x 28.45274pt.
 [13

 <C:/Users/Administrator/Desktop/å‘¨æŠ¥/Report/image/fig12.png>] <image/fig13.p
ng, id=446, 516.42938pt x 207.02344pt>
File: image/fig13.png Graphic file (type png)

<use image/fig13.png>
Package pdftex.def Info: image/fig13.png used on input line 342.
(pdftex.def)             Requested size: 347.79466pt x 139.41832pt.

Overfull \hbox (40.50479pt too wide) in paragraph at lines 342--342
 [] 
 []

File: dut_logo.pdf Graphic file (type pdf)
<use dut_logo.pdf>
Package pdftex.def Info: dut_logo.pdf used on input line 342.
(pdftex.def)             Requested size: 38.96382pt x 28.45274pt.
 [14

 <C:/Users/Administrator/Desktop/å‘¨æŠ¥/Report/image/fig13.png>] <image/table1.
png, id=475, 752.0597pt x 360.59718pt>
File: image/table1.png Graphic file (type png)

<use image/table1.png>
Package pdftex.def Info: image/table1.png used on input line 358.
(pdftex.def)             Requested size: 308.5645pt x 147.95424pt.

Overfull \hbox (1.27463pt too wide) in paragraph at lines 358--358
 [] 
 []


Overfull \vbox (15.24513pt too high) detected at line 358
 []

File: dut_logo.pdf Graphic file (type pdf)
<use dut_logo.pdf>
Package pdftex.def Info: dut_logo.pdf used on input line 358.
(pdftex.def)             Requested size: 38.96382pt x 28.45274pt.
 [15

 <C:/Users/Administrator/Desktop/å‘¨æŠ¥/Report/image/table1.png>] <image/fig14.
png, id=504, 180.1932pt x 83.8332pt>
File: image/fig14.png Graphic file (type png)

<use image/fig14.png>
Package pdftex.def Info: image/fig14.png used on input line 399.
(pdftex.def)             Requested size: 115.63243pt x 53.79759pt.
 <image/fig15.png, id=505, 184.0476pt x 106.4778pt>
File: image/fig15.png Graphic file (type png)

<use image/fig15.png>
Package pdftex.def Info: image/fig15.png used on input line 399.
(pdftex.def)             Requested size: 115.63243pt x 66.89613pt.
 <image/fig16.png, id=506, 237.5274pt x 135.8676pt>
File: image/fig16.png Graphic file (type png)

<use image/fig16.png>
Package pdftex.def Info: image/fig16.png used on input line 399.
(pdftex.def)             Requested size: 115.63243pt x 66.1424pt.

Overfull \vbox (18.6627pt too high) detected at line 399
 []

File: dut_logo.pdf Graphic file (type pdf)
<use dut_logo.pdf>
Package pdftex.def Info: dut_logo.pdf used on input line 399.
(pdftex.def)             Requested size: 38.96382pt x 28.45274pt.
 [16

 <C:/Users/Administrator/Desktop/å‘¨æŠ¥/Report/image/fig14.png> <C:/Users/Admin
istrator/Desktop/å‘¨æŠ¥/Report/image/fig15.png> <C:/Users/Administrator/Desktop
/å‘¨æŠ¥/Report/image/fig16.png>]
<image/table2.png, id=538, 779.91376pt x 176.91093pt>
File: image/table2.png Graphic file (type png)
 <use image/table2.png>
Package pdftex.def Info: image/table2.png used on input line 415.
(pdftex.def)             Requested size: 313.59035pt x 71.13188pt.

Overfull \hbox (6.30048pt too wide) in paragraph at lines 415--415
 [] 
 []

File: dut_logo.pdf Graphic file (type pdf)
<use dut_logo.pdf>
Package pdftex.def Info: dut_logo.pdf used on input line 415.
(pdftex.def)             Requested size: 38.96382pt x 28.45274pt.
 [17

 <C:/Users/Administrator/Desktop/å‘¨æŠ¥/Report/image/table2.png>]
File: dut_logo.pdf Graphic file (type pdf)
 <use dut_logo.pdf>
Package pdftex.def Info: dut_logo.pdf used on input line 432.
(pdftex.def)             Requested size: 38.96382pt x 28.45274pt.
 [18

]
<image/fig17.png, id=595, 186.9384pt x 114.1866pt>
File: image/fig17.png Graphic file (type png)
 <use image/fig17.png>
Package pdftex.def Info: image/fig17.png used on input line 482.
(pdftex.def)             Requested size: 101.17755pt x 61.80096pt.

<image/fig18.png, id=596, 203.8014pt x 93.951pt>
File: image/fig18.png Graphic file (type png)
 <use image/fig18.png>
Package pdftex.def Info: image/fig18.png used on input line 482.
(pdftex.def)             Requested size: 101.17755pt x 46.64279pt.

<image/fig19.png, id=597, 230.7822pt x 143.5764pt>
File: image/fig19.png Graphic file (type png)
 <use image/fig19.png>
Package pdftex.def Info: image/fig19.png used on input line 482.
(pdftex.def)             Requested size: 101.17755pt x 62.94377pt.

Overfull \vbox (8.36891pt too high) detected at line 482
 []

File: dut_logo.pdf Graphic file (type pdf)
<use dut_logo.pdf>
Package pdftex.def Info: dut_logo.pdf used on input line 482.
(pdftex.def)             Requested size: 38.96382pt x 28.45274pt.
 [19

 <C:/Users/Administrator/Desktop/å‘¨æŠ¥/Report/image/fig17.png> <C:/Users/Admin
istrator/Desktop/å‘¨æŠ¥/Report/image/fig18.png> <C:/Users/Administrator/Desktop
/å‘¨æŠ¥/Report/image/fig19.png>]
<image/fig21.png, id=630, 472.01344pt x 158.09062pt>
File: image/fig21.png Graphic file (type png)
 <use image/fig21.png>
Package pdftex.def Info: image/fig21.png used on input line 526.
(pdftex.def)             Requested size: 187.90244pt x 62.93358pt.

Overfull \hbox (34.2575pt too wide) in paragraph at lines 526--526
 [][] 
 []

<image/fig22.png, id=631, 152.2488pt x 128.1588pt>
File: image/fig22.png Graphic file (type png)
 <use image/fig22.png>
Package pdftex.def Info: image/fig22.png used on input line 526.
(pdftex.def)             Requested size: 86.72377pt x 73.00433pt.

<image/fig23.png, id=632, 237.5274pt x 153.6942pt>
File: image/fig23.png Graphic file (type png)
 <use image/fig23.png>
Package pdftex.def Info: image/fig23.png used on input line 526.
(pdftex.def)             Requested size: 86.72377pt x 56.1155pt.

<image/fig24.png, id=633, 201.8742pt x 149.8398pt>
File: image/fig24.png Graphic file (type png)
 <use image/fig24.png>
Package pdftex.def Info: image/fig24.png used on input line 526.
(pdftex.def)             Requested size: 86.72377pt x 64.37039pt.

Overfull \vbox (8.9989pt too high) detected at line 526
 []

File: dut_logo.pdf Graphic file (type pdf)
<use dut_logo.pdf>
Package pdftex.def Info: dut_logo.pdf used on input line 526.
(pdftex.def)             Requested size: 38.96382pt x 28.45274pt.
 [20

 <C:/Users/Administrator/Desktop/å‘¨æŠ¥/Report/image/fig21.png> <C:/Users/Admin
istrator/Desktop/å‘¨æŠ¥/Report/image/fig22.png> <C:/Users/Administrator/Desktop
/å‘¨æŠ¥/Report/image/fig23.png> <C:/Users/Administrator/Desktop/å‘¨æŠ¥/Report/i
mage/fig24.png>]
<image/table3.png, id=665, 757.32938pt x 228.10219pt>
File: image/table3.png Graphic file (type png)
 <use image/table3.png>
Package pdftex.def Info: image/table3.png used on input line 542.
(pdftex.def)             Requested size: 330.62587pt x 99.58464pt.

Overfull \hbox (23.336pt too wide) in paragraph at lines 542--542
 [] 
 []

File: dut_logo.pdf Graphic file (type pdf)
<use dut_logo.pdf>
Package pdftex.def Info: dut_logo.pdf used on input line 542.
(pdftex.def)             Requested size: 38.96382pt x 28.45274pt.
 [21

 <C:/Users/Administrator/Desktop/å‘¨æŠ¥/Report/image/table3.png>]
File: dut_logo.pdf Graphic file (type pdf)
 <use dut_logo.pdf>
Package pdftex.def Info: dut_logo.pdf used on input line 556.
(pdftex.def)             Requested size: 38.96382pt x 28.45274pt.
 [22

]
<image/fig25.png, id=722, 220.6644pt x 143.5764pt>
File: image/fig25.png Graphic file (type png)
 <use image/fig25.png>
Package pdftex.def Info: image/fig25.png used on input line 577.
(pdftex.def)             Requested size: 214.29335pt x 139.41832pt.
File: dut_logo.pdf Graphic file (type pdf)

<use dut_logo.pdf>
Package pdftex.def Info: dut_logo.pdf used on input line 577.
(pdftex.def)             Requested size: 38.96382pt x 28.45274pt.
 [23

 <C:/Users/Administrator/Desktop/å‘¨æŠ¥/Report/image/fig25.png>]
File: dut_logo.pdf Graphic file (type pdf)
 <use dut_logo.pdf>
Package pdftex.def Info: dut_logo.pdf used on input line 597.
(pdftex.def)             Requested size: 38.96382pt x 28.45274pt.
 [24

]
<image/table4.png, id=779, 708.39656pt x 139.27031pt>
File: image/table4.png Graphic file (type png)
 <use image/table4.png>
Package pdftex.def Info: image/table4.png used on input line 614.
(pdftex.def)             Requested size: 274.97643pt x 54.06006pt.
File: dut_logo.pdf Graphic file (type pdf)

<use dut_logo.pdf>
Package pdftex.def Info: dut_logo.pdf used on input line 614.
(pdftex.def)             Requested size: 38.96382pt x 28.45274pt.
 [25

 <C:/Users/Administrator/Desktop/å‘¨æŠ¥/Report/image/table4.png>]
Missing character: There is no £ in font cmss10!
Missing character: There is no º in font cmss10!

Overfull \vbox (135.22105pt too high) detected at line 654
 []

File: dut_logo.pdf Graphic file (type pdf)
<use dut_logo.pdf>
Package pdftex.def Info: dut_logo.pdf used on input line 654.
(pdftex.def)             Requested size: 38.96382pt x 28.45274pt.
 [26

]
\tf@nav=\write6
\tf@toc=\write7
\tf@snm=\write8
Package atveryend Info: Empty hook `BeforeClearDocument' on input line 657.
Package atveryend Info: Empty hook `AfterLastShipout' on input line 657.

(C:\Users\Administrator\Desktop\å‘¨æŠ¥\Report\report-ysl.aux)
Package atveryend Info: Executing hook `AtVeryEndDocument' on input line 657.
Package atveryend Info: Executing hook `AtEndAfterFileList' on input line 657.


Package rerunfilecheck Warning: File `report-ysl.out' has changed.
(rerunfilecheck)                Rerun to get outlines right
(rerunfilecheck)                or use package `bookmark'.

Package rerunfilecheck Info: Checksums for `report-ysl.out':
(rerunfilecheck)             Before: 1E68DB124FC2051BFAC198BEE9810AC1;280
(rerunfilecheck)             After:  E7A8982931ED873361834EB3C5C351B2;96.

LaTeX Font Warning: Size substitutions with differences
(Font)              up to 1.0pt have occurred.

 ) 
Here is how much of TeX's memory you used:
 16970 strings out of 495354
 313626 string characters out of 3183860
 393968 words of memory out of 3000000
 19665 multiletter control sequences out of 15000+200000
 6064 words of font info for 22 fonts, out of 3000000 for 9000
 14 hyphenation exceptions out of 8191
 49i,19n,62p,427b,644s stack positions out of 5000i,500n,10000p,200000b,50000s
<D:/CTEX/MiKTeX/fonts/type1/public/amsfonts/cm/cmss10.pfb><D:/CTEX/MiKTeX/fon
ts/type1/public/amsfonts/cm/cmss12.pfb><D:/CTEX/MiKTeX/fonts/type1/public/amsfo
nts/cm/cmss8.pfb>
Output written on report-ysl.pdf (26 pages, 1807544 bytes).
PDF statistics:
 863 PDF objects out of 1000 (max. 8388607)
 61 named destinations out of 1000 (max. 500000)
 242 words of extra memory for PDF output out of 10000 (max. 10000000)

